TN:
SF:/Users/wrahim/Development/vuejs-comment/src/components/Avatar.vue
FN:15,(anonymous_1)
FNF:1
FNH:1
FNDA:3,(anonymous_1)
DA:16,3
LF:1
LH:1
BRF:0
BRH:0
end_of_record
TN:
SF:/Users/wrahim/Development/vuejs-comment/src/components/Comment/CommentBody.vue
FNF:0
FNH:0
DA:21,2
LF:1
LH:1
BRF:0
BRH:0
end_of_record
TN:
SF:/Users/wrahim/Development/vuejs-comment/src/components/Comment/index.vue
FN:70,(anonymous_1)
FNF:1
FNH:1
FNDA:4,(anonymous_1)
DA:51,1
DA:52,1
DA:53,1
DA:54,1
DA:70,4
LF:5
LH:5
BRF:0
BRH:0
end_of_record
TN:
SF:/Users/wrahim/Development/vuejs-comment/src/components/Comment/ActionButtons/VoteButtons.vue
FN:31,(anonymous_1)
FN:38,(anonymous_2)
FN:41,(anonymous_3)
FN:46,(anonymous_4)
FN:53,(anonymous_5)
FNF:5
FNH:5
FNDA:9,(anonymous_1)
FNDA:15,(anonymous_2)
FNDA:15,(anonymous_3)
FNDA:5,(anonymous_4)
FNDA:5,(anonymous_5)
DA:32,9
DA:39,15
DA:42,15
DA:47,5
DA:48,1
DA:51,5
DA:54,5
DA:55,1
DA:58,5
LF:9
LH:9
BRDA:47,0,0,1
BRDA:47,0,1,4
BRDA:51,1,0,1
BRDA:51,1,1,4
BRDA:54,2,0,1
BRDA:54,2,1,4
BRDA:58,3,0,1
BRDA:58,3,1,4
BRF:8
BRH:8
end_of_record
TN:
SF:/Users/wrahim/Development/vuejs-comment/src/components/Comment/ActionButtons/index.vue
FNF:0
FNH:0
DA:12,2
LF:1
LH:1
BRF:0
BRH:0
end_of_record
TN:
SF:/Users/wrahim/Development/vuejs-comment/src/utils/filters.js
FN:3,(anonymous_0)
FNF:1
FNH:1
FNDA:7,(anonymous_0)
DA:3,2
DA:4,7
LF:2
LH:2
BRF:0
BRH:0
end_of_record
